TN:
SF:credentials/ArkApi.credentials.ts
FN:6,(anonymous_0)
FNF:1
FNH:1
FNDA:7,(anonymous_0)
DA:6,1
DA:7,7
DA:8,7
DA:9,7
DA:11,7
LF:5
LH:5
BRF:0
BRH:0
end_of_record
TN:
SF:nodes/ArkAgent/ArkAgent.node.ts
FN:10,(anonymous_0)
FN:86,(anonymous_1)
FN:96,(anonymous_2)
FN:104,(anonymous_3)
FNF:4
FNH:4
FNDA:24,(anonymous_0)
FNDA:2,(anonymous_1)
FNDA:2,(anonymous_2)
FNDA:7,(anonymous_3)
DA:10,1
DA:11,24
DA:84,24
DA:87,2
DA:88,2
DA:90,2
DA:96,2
DA:105,7
DA:106,7
DA:107,7
DA:108,7
DA:110,7
DA:111,8
DA:112,8
DA:113,8
DA:114,8
DA:115,8
DA:116,8
DA:118,8
DA:124,8
DA:125,1
DA:128,8
DA:129,1
DA:132,8
DA:139,8
DA:142,7
LF:26
LH:26
BRDA:124,0,0,1
BRDA:128,1,0,1
BRF:2
BRH:2
end_of_record
TN:
SF:nodes/ArkEvaluation/ArkEvaluation.trigger.ts
FN:9,(anonymous_0)
FN:60,(anonymous_1)
FN:63,(anonymous_2)
FN:66,(anonymous_3)
FN:72,(anonymous_4)
FNF:5
FNH:1
FNDA:13,(anonymous_0)
FNDA:0,(anonymous_1)
FNDA:0,(anonymous_2)
FNDA:0,(anonymous_3)
FNDA:0,(anonymous_4)
DA:9,1
DA:10,13
DA:58,13
DA:61,0
DA:64,0
DA:67,0
DA:73,0
DA:74,0
DA:76,0
DA:77,0
DA:79,0
DA:80,0
DA:85,0
LF:13
LH:3
BRDA:76,0,0,0
BRDA:76,0,1,0
BRDA:79,1,0,0
BRDA:79,2,0,0
BRDA:79,2,1,0
BRF:5
BRH:0
end_of_record
TN:
SF:nodes/ArkModel/ArkModel.node.ts
FN:10,(anonymous_0)
FN:75,(anonymous_1)
FN:85,(anonymous_2)
FN:93,(anonymous_3)
FNF:4
FNH:4
FNDA:16,(anonymous_0)
FNDA:2,(anonymous_1)
FNDA:2,(anonymous_2)
FNDA:3,(anonymous_3)
DA:10,1
DA:11,16
DA:73,16
DA:76,2
DA:77,2
DA:79,2
DA:85,2
DA:94,3
DA:95,3
DA:96,3
DA:97,3
DA:99,3
DA:100,4
DA:101,4
DA:102,4
DA:103,4
DA:105,4
DA:110,4
DA:111,1
DA:114,4
DA:121,4
DA:124,3
LF:22
LH:22
BRDA:110,0,0,1
BRF:1
BRH:1
end_of_record
TN:
SF:nodes/ArkTeam/ArkTeam.node.ts
FN:10,(anonymous_0)
FN:70,(anonymous_1)
FN:80,(anonymous_2)
FN:88,(anonymous_3)
FNF:4
FNH:4
FNDA:16,(anonymous_0)
FNDA:2,(anonymous_1)
FNDA:1,(anonymous_2)
FNDA:3,(anonymous_3)
DA:10,1
DA:11,16
DA:68,16
DA:71,2
DA:72,2
DA:74,2
DA:80,1
DA:89,3
DA:90,3
DA:91,3
DA:92,3
DA:94,3
DA:95,4
DA:96,4
DA:97,4
DA:98,4
DA:100,4
DA:106,4
DA:113,4
DA:116,3
LF:20
LH:20
BRF:0
BRH:0
end_of_record
